<?xml version="1.0" encoding="UTF-8"?>
<!-- Generated by org.testng.reporters.JUnitReportReporter -->
<testsuite hostname="windows" failures="0" tests="3" name="test.LoginTest" time="60.593" errors="0" timestamp="2020-08-07T05:52:47 PDT" skipped="0">
  <testcase classname="test.LoginTest" name="login" time="9.879"/>
  <system-out/>
  <testcase classname="test.LoginTest" name="clientPageTest" time="27.352"/>
  <system-out/>
  <testcase classname="test.LoginTest" name="createClientTest" time="23.362"/>
  <system-out/>
</testsuite> <!-- test.LoginTest -->
